# JRE version: OpenJDK Runtime Environment Temurin-17.0.1+12 (17.0.1+12) (build 17.0.1+12)
# Java VM: OpenJDK 64-Bit Server VM Temurin-17.0.1+12 (17.0.1+12, mixed mode, tiered, compressed oops, compressed class ptrs, g1 gc, windows-amd64)
GC Precious Log:
 CPUs: 8 total, 8 available
 Memory: 8078M
 Large Page Support: Disabled
 NUMA Support: Disabled
 Compressed Oops: Enabled (32-bit)
 Heap Region Size: 1M
 Heap Min Capacity: 8M
 Heap Initial Capacity: 128M
 Heap Max Capacity: 2020M
 Pre-touch: Disabled
 Parallel Workers: 8
 Concurrent Workers: 2
 Concurrent Refinement Workers: 8
 Periodic GC: Disabled
Heap:
 garbage-first heap   total 73728K, used 40511K [0x0000000081c00000, 0x0000000100000000)
  region size 1024K, 15 young (15360K), 1 survivors (1024K)
 Metaspace       used 71001K, committed 71424K, reserved 1114112K
  class space    used 8510K, committed 8704K, reserved 1048576K
GC Heap History (20 events):
Event: 1838.927 GC heap before
{Heap before GC invocations=1067 (full 0):
 garbage-first heap   total 73728K, used 62019K [0x0000000081c00000, 0x0000000100000000)
  region size 1024K, 35 young (35840K), 1 survivors (1024K)
 Metaspace       used 70932K, committed 71360K, reserved 1114112K
  class space    used 8500K, committed 8704K, reserved 1048576K
}
Event: 1838.928 GC heap after
{Heap after GC invocations=1068 (full 0):
 garbage-first heap   total 73728K, used 27182K [0x0000000081c00000, 0x0000000100000000)
  region size 1024K, 1 young (1024K), 1 survivors (1024K)
 Metaspace       used 70932K, committed 71360K, reserved 1114112K
  class space    used 8500K, committed 8704K, reserved 1048576K
}
Event: 1839.764 GC heap before
{Heap before GC invocations=1068 (full 0):
 garbage-first heap   total 73728K, used 61998K [0x0000000081c00000, 0x0000000100000000)
  region size 1024K, 35 young (35840K), 1 survivors (1024K)
 Metaspace       used 70932K, committed 71360K, reserved 1114112K
  class space    used 8500K, committed 8704K, reserved 1048576K
}
Event: 1839.766 GC heap after
{Heap after GC invocations=1069 (full 0):
 garbage-first heap   total 73728K, used 27192K [0x0000000081c00000, 0x0000000100000000)
  region size 1024K, 1 young (1024K), 1 survivors (1024K)
 Metaspace       used 70932K, committed 71360K, reserved 1114112K
  class space    used 8500K, committed 8704K, reserved 1048576K
}
Event: 1840.666 GC heap before
{Heap before GC invocations=1069 (full 0):
 garbage-first heap   total 73728K, used 62008K [0x0000000081c00000, 0x0000000100000000)
  region size 1024K, 35 young (35840K), 1 survivors (1024K)
 Metaspace       used 70932K, committed 71360K, reserved 1114112K
  class space    used 8500K, committed 8704K, reserved 1048576K
}
Event: 1840.667 GC heap after
{Heap after GC invocations=1070 (full 0):
 garbage-first heap   total 73728K, used 27211K [0x0000000081c00000, 0x0000000100000000)
  region size 1024K, 1 young (1024K), 1 survivors (1024K)
 Metaspace       used 70932K, committed 71360K, reserved 1114112K
  class space    used 8500K, committed 8704K, reserved 1048576K
}
Event: 1841.534 GC heap before
{Heap before GC invocations=1070 (full 0):
 garbage-first heap   total 73728K, used 62027K [0x0000000081c00000, 0x0000000100000000)
  region size 1024K, 35 young (35840K), 1 survivors (1024K)
 Metaspace       used 70932K, committed 71360K, reserved 1114112K
  class space    used 8500K, committed 8704K, reserved 1048576K
}
Event: 1841.535 GC heap after
{Heap after GC invocations=1071 (full 0):
 garbage-first heap   total 73728K, used 27195K [0x0000000081c00000, 0x0000000100000000)
  region size 1024K, 1 young (1024K), 1 survivors (1024K)
 Metaspace       used 70932K, committed 71360K, reserved 1114112K
  class space    used 8500K, committed 8704K, reserved 1048576K
}
Event: 1842.395 GC heap before
{Heap before GC invocations=1071 (full 0):
 garbage-first heap   total 73728K, used 62011K [0x0000000081c00000, 0x0000000100000000)
  region size 1024K, 35 young (35840K), 1 survivors (1024K)
 Metaspace       used 70932K, committed 71360K, reserved 1114112K
  class space    used 8500K, committed 8704K, reserved 1048576K
}
Event: 1842.397 GC heap after
{Heap after GC invocations=1072 (full 0):
 garbage-first heap   total 73728K, used 27174K [0x0000000081c00000, 0x0000000100000000)
  region size 1024K, 1 young (1024K), 1 survivors (1024K)
 Metaspace       used 70932K, committed 71360K, reserved 1114112K
  class space    used 8500K, committed 8704K, reserved 1048576K
}
Event: 1843.339 GC heap before
{Heap before GC invocations=1072 (full 0):
 garbage-first heap   total 73728K, used 61990K [0x0000000081c00000, 0x0000000100000000)
  region size 1024K, 35 young (35840K), 1 survivors (1024K)
 Metaspace       used 70932K, committed 71360K, reserved 1114112K
  class space    used 8500K, committed 8704K, reserved 1048576K
}
Event: 1843.341 GC heap after
{Heap after GC invocations=1073 (full 0):
 garbage-first heap   total 73728K, used 27195K [0x0000000081c00000, 0x0000000100000000)
  region size 1024K, 1 young (1024K), 1 survivors (1024K)
 Metaspace       used 70932K, committed 71360K, reserved 1114112K
  class space    used 8500K, committed 8704K, reserved 1048576K
}
Event: 1844.235 GC heap before
{Heap before GC invocations=1073 (full 0):
 garbage-first heap   total 73728K, used 62011K [0x0000000081c00000, 0x0000000100000000)
  region size 1024K, 35 young (35840K), 1 survivors (1024K)
 Metaspace       used 70932K, committed 71360K, reserved 1114112K
  class space    used 8500K, committed 8704K, reserved 1048576K
}
Event: 1844.237 GC heap after
{Heap after GC invocations=1074 (full 0):
 garbage-first heap   total 73728K, used 27205K [0x0000000081c00000, 0x0000000100000000)
  region size 1024K, 1 young (1024K), 1 survivors (1024K)
 Metaspace       used 70932K, committed 71360K, reserved 1114112K
  class space    used 8500K, committed 8704K, reserved 1048576K
}
Event: 1844.996 GC heap before
{Heap before GC invocations=1074 (full 0):
 garbage-first heap   total 73728K, used 62021K [0x0000000081c00000, 0x0000000100000000)
  region size 1024K, 35 young (35840K), 1 survivors (1024K)
 Metaspace       used 70932K, committed 71360K, reserved 1114112K
  class space    used 8500K, committed 8704K, reserved 1048576K
}
Event: 1844.998 GC heap after
{Heap after GC invocations=1075 (full 0):
 garbage-first heap   total 73728K, used 27201K [0x0000000081c00000, 0x0000000100000000)
  region size 1024K, 1 young (1024K), 1 survivors (1024K)
 Metaspace       used 70932K, committed 71360K, reserved 1114112K
  class space    used 8500K, committed 8704K, reserved 1048576K
}
Event: 1845.701 GC heap before
{Heap before GC invocations=1075 (full 0):
 garbage-first heap   total 73728K, used 62017K [0x0000000081c00000, 0x0000000100000000)
  region size 1024K, 35 young (35840K), 1 survivors (1024K)
 Metaspace       used 70932K, committed 71360K, reserved 1114112K
  class space    used 8500K, committed 8704K, reserved 1048576K
}
Event: 1845.702 GC heap after
{Heap after GC invocations=1076 (full 0):
 garbage-first heap   total 73728K, used 27200K [0x0000000081c00000, 0x0000000100000000)
  region size 1024K, 1 young (1024K), 1 survivors (1024K)
 Metaspace       used 70932K, committed 71360K, reserved 1114112K
  class space    used 8500K, committed 8704K, reserved 1048576K
}
Event: 1846.282 GC heap before
{Heap before GC invocations=1076 (full 0):
 garbage-first heap   total 73728K, used 62016K [0x0000000081c00000, 0x0000000100000000)
  region size 1024K, 35 young (35840K), 1 survivors (1024K)
 Metaspace       used 70932K, committed 71360K, reserved 1114112K
  class space    used 8500K, committed 8704K, reserved 1048576K
}
Event: 1846.283 GC heap after
{Heap after GC invocations=1077 (full 0):
 garbage-first heap   total 73728K, used 27196K [0x0000000081c00000, 0x0000000100000000)
  region size 1024K, 1 young (1024K), 1 survivors (1024K)
 Metaspace       used 70932K, committed 71360K, reserved 1114112K
  class space    used 8500K, committed 8704K, reserved 1048576K
}

