# JRE version: OpenJDK Runtime Environment Temurin-17.0.1+12 (17.0.1+12) (build 17.0.1+12)
# Java VM: OpenJDK 64-Bit Server VM Temurin-17.0.1+12 (17.0.1+12, mixed mode, tiered, compressed oops, compressed class ptrs, g1 gc, windows-amd64)
GC Precious Log:
 CPUs: 8 total, 8 available
 Memory: 8078M
 Large Page Support: Disabled
 NUMA Support: Disabled
 Compressed Oops: Enabled (32-bit)
 Heap Region Size: 1M
 Heap Min Capacity: 8M
 Heap Initial Capacity: 128M
 Heap Max Capacity: 2020M
 Pre-touch: Disabled
 Parallel Workers: 8
 Concurrent Workers: 2
 Concurrent Refinement Workers: 8
 Periodic GC: Disabled
Heap:
 garbage-first heap   total 61440K, used 44581K [0x0000000081c00000, 0x0000000100000000)
  region size 1024K, 20 young (20480K), 1 survivors (1024K)
 Metaspace       used 70848K, committed 71296K, reserved 1114112K
  class space    used 8493K, committed 8704K, reserved 1048576K
GC Heap History (20 events):
Event: 953.811 GC heap before
{Heap before GC invocations=449 (full 0):
 garbage-first heap   total 61440K, used 51630K [0x0000000081c00000, 0x0000000100000000)
  region size 1024K, 26 young (26624K), 1 survivors (1024K)
 Metaspace       used 70848K, committed 71296K, reserved 1114112K
  class space    used 8493K, committed 8704K, reserved 1048576K
}
Event: 953.813 GC heap after
{Heap after GC invocations=450 (full 0):
 garbage-first heap   total 61440K, used 26037K [0x0000000081c00000, 0x0000000100000000)
  region size 1024K, 1 young (1024K), 1 survivors (1024K)
 Metaspace       used 70848K, committed 71296K, reserved 1114112K
  class space    used 8493K, committed 8704K, reserved 1048576K
}
Event: 954.268 GC heap before
{Heap before GC invocations=450 (full 0):
 garbage-first heap   total 61440K, used 51637K [0x0000000081c00000, 0x0000000100000000)
  region size 1024K, 26 young (26624K), 1 survivors (1024K)
 Metaspace       used 70848K, committed 71296K, reserved 1114112K
  class space    used 8493K, committed 8704K, reserved 1048576K
}
Event: 954.270 GC heap after
{Heap after GC invocations=451 (full 0):
 garbage-first heap   total 61440K, used 26032K [0x0000000081c00000, 0x0000000100000000)
  region size 1024K, 1 young (1024K), 1 survivors (1024K)
 Metaspace       used 70848K, committed 71296K, reserved 1114112K
  class space    used 8493K, committed 8704K, reserved 1048576K
}
Event: 954.986 GC heap before
{Heap before GC invocations=451 (full 0):
 garbage-first heap   total 61440K, used 51632K [0x0000000081c00000, 0x0000000100000000)
  region size 1024K, 26 young (26624K), 1 survivors (1024K)
 Metaspace       used 70848K, committed 71296K, reserved 1114112K
  class space    used 8493K, committed 8704K, reserved 1048576K
}
Event: 954.987 GC heap after
{Heap after GC invocations=452 (full 0):
 garbage-first heap   total 61440K, used 26039K [0x0000000081c00000, 0x0000000100000000)
  region size 1024K, 1 young (1024K), 1 survivors (1024K)
 Metaspace       used 70848K, committed 71296K, reserved 1114112K
  class space    used 8493K, committed 8704K, reserved 1048576K
}
Event: 955.458 GC heap before
{Heap before GC invocations=452 (full 0):
 garbage-first heap   total 61440K, used 51639K [0x0000000081c00000, 0x0000000100000000)
  region size 1024K, 26 young (26624K), 1 survivors (1024K)
 Metaspace       used 70848K, committed 71296K, reserved 1114112K
  class space    used 8493K, committed 8704K, reserved 1048576K
}
Event: 955.459 GC heap after
{Heap after GC invocations=453 (full 0):
 garbage-first heap   total 61440K, used 26046K [0x0000000081c00000, 0x0000000100000000)
  region size 1024K, 1 young (1024K), 1 survivors (1024K)
 Metaspace       used 70848K, committed 71296K, reserved 1114112K
  class space    used 8493K, committed 8704K, reserved 1048576K
}
Event: 956.051 GC heap before
{Heap before GC invocations=453 (full 0):
 garbage-first heap   total 61440K, used 51646K [0x0000000081c00000, 0x0000000100000000)
  region size 1024K, 26 young (26624K), 1 survivors (1024K)
 Metaspace       used 70848K, committed 71296K, reserved 1114112K
  class space    used 8493K, committed 8704K, reserved 1048576K
}
Event: 956.052 GC heap after
{Heap after GC invocations=454 (full 0):
 garbage-first heap   total 61440K, used 26046K [0x0000000081c00000, 0x0000000100000000)
  region size 1024K, 1 young (1024K), 1 survivors (1024K)
 Metaspace       used 70848K, committed 71296K, reserved 1114112K
  class space    used 8493K, committed 8704K, reserved 1048576K
}
Event: 956.677 GC heap before
{Heap before GC invocations=454 (full 0):
 garbage-first heap   total 61440K, used 51646K [0x0000000081c00000, 0x0000000100000000)
  region size 1024K, 26 young (26624K), 1 survivors (1024K)
 Metaspace       used 70848K, committed 71296K, reserved 1114112K
  class space    used 8493K, committed 8704K, reserved 1048576K
}
Event: 956.678 GC heap after
{Heap after GC invocations=455 (full 0):
 garbage-first heap   total 61440K, used 26023K [0x0000000081c00000, 0x0000000100000000)
  region size 1024K, 1 young (1024K), 1 survivors (1024K)
 Metaspace       used 70848K, committed 71296K, reserved 1114112K
  class space    used 8493K, committed 8704K, reserved 1048576K
}
Event: 957.125 GC heap before
{Heap before GC invocations=455 (full 0):
 garbage-first heap   total 61440K, used 51623K [0x0000000081c00000, 0x0000000100000000)
  region size 1024K, 26 young (26624K), 1 survivors (1024K)
 Metaspace       used 70848K, committed 71296K, reserved 1114112K
  class space    used 8493K, committed 8704K, reserved 1048576K
}
Event: 957.126 GC heap after
{Heap after GC invocations=456 (full 0):
 garbage-first heap   total 61440K, used 26041K [0x0000000081c00000, 0x0000000100000000)
  region size 1024K, 1 young (1024K), 1 survivors (1024K)
 Metaspace       used 70848K, committed 71296K, reserved 1114112K
  class space    used 8493K, committed 8704K, reserved 1048576K
}
Event: 957.705 GC heap before
{Heap before GC invocations=456 (full 0):
 garbage-first heap   total 61440K, used 51641K [0x0000000081c00000, 0x0000000100000000)
  region size 1024K, 26 young (26624K), 1 survivors (1024K)
 Metaspace       used 70848K, committed 71296K, reserved 1114112K
  class space    used 8493K, committed 8704K, reserved 1048576K
}
Event: 957.707 GC heap after
{Heap after GC invocations=457 (full 0):
 garbage-first heap   total 61440K, used 26045K [0x0000000081c00000, 0x0000000100000000)
  region size 1024K, 1 young (1024K), 1 survivors (1024K)
 Metaspace       used 70848K, committed 71296K, reserved 1114112K
  class space    used 8493K, committed 8704K, reserved 1048576K
}
Event: 958.068 GC heap before
{Heap before GC invocations=457 (full 0):
 garbage-first heap   total 61440K, used 51645K [0x0000000081c00000, 0x0000000100000000)
  region size 1024K, 26 young (26624K), 1 survivors (1024K)
 Metaspace       used 70848K, committed 71296K, reserved 1114112K
  class space    used 8493K, committed 8704K, reserved 1048576K
}
Event: 958.069 GC heap after
{Heap after GC invocations=458 (full 0):
 garbage-first heap   total 61440K, used 26052K [0x0000000081c00000, 0x0000000100000000)
  region size 1024K, 1 young (1024K), 1 survivors (1024K)
 Metaspace       used 70848K, committed 71296K, reserved 1114112K
  class space    used 8493K, committed 8704K, reserved 1048576K
}
Event: 958.518 GC heap before
{Heap before GC invocations=458 (full 0):
 garbage-first heap   total 61440K, used 51652K [0x0000000081c00000, 0x0000000100000000)
  region size 1024K, 26 young (26624K), 1 survivors (1024K)
 Metaspace       used 70848K, committed 71296K, reserved 1114112K
  class space    used 8493K, committed 8704K, reserved 1048576K
}
Event: 958.519 GC heap after
{Heap after GC invocations=459 (full 0):
 garbage-first heap   total 61440K, used 26154K [0x0000000081c00000, 0x0000000100000000)
  region size 1024K, 1 young (1024K), 1 survivors (1024K)
 Metaspace       used 70848K, committed 71296K, reserved 1114112K
  class space    used 8493K, committed 8704K, reserved 1048576K
}

