# JRE version: OpenJDK Runtime Environment Temurin-17.0.1+12 (17.0.1+12) (build 17.0.1+12)
# Java VM: OpenJDK 64-Bit Server VM Temurin-17.0.1+12 (17.0.1+12, mixed mode, tiered, compressed oops, compressed class ptrs, g1 gc, windows-amd64)
GC Precious Log:
 CPUs: 8 total, 8 available
 Memory: 8078M
 Large Page Support: Disabled
 NUMA Support: Disabled
 Compressed Oops: Enabled (32-bit)
 Heap Region Size: 1M
 Heap Min Capacity: 8M
 Heap Initial Capacity: 128M
 Heap Max Capacity: 2020M
 Pre-touch: Disabled
 Parallel Workers: 8
 Concurrent Workers: 2
 Concurrent Refinement Workers: 8
 Periodic GC: Disabled
Heap:
 garbage-first heap   total 368640K, used 232303K [0x0000000081c00000, 0x0000000100000000)
  region size 1024K, 201 young (205824K), 1 survivors (1024K)
 Metaspace       used 71256K, committed 71680K, reserved 1114112K
  class space    used 8493K, committed 8704K, reserved 1048576K
GC Heap History (20 events):
Event: 25298.245 GC heap before
{Heap before GC invocations=76 (full 0):
 garbage-first heap   total 368640K, used 247578K [0x0000000081c00000, 0x0000000100000000)
  region size 1024K, 216 young (221184K), 2 survivors (2048K)
 Metaspace       used 71238K, committed 71680K, reserved 1114112K
  class space    used 8493K, committed 8704K, reserved 1048576K
}
Event: 25298.266 GC heap after
{Heap after GC invocations=77 (full 0):
 garbage-first heap   total 368640K, used 28506K [0x0000000081c00000, 0x0000000100000000)
  region size 1024K, 2 young (2048K), 2 survivors (2048K)
 Metaspace       used 71238K, committed 71680K, reserved 1114112K
  class space    used 8493K, committed 8704K, reserved 1048576K
}
Event: 25303.018 GC heap before
{Heap before GC invocations=77 (full 0):
 garbage-first heap   total 368640K, used 247642K [0x0000000081c00000, 0x0000000100000000)
  region size 1024K, 216 young (221184K), 2 survivors (2048K)
 Metaspace       used 71247K, committed 71680K, reserved 1114112K
  class space    used 8493K, committed 8704K, reserved 1048576K
}
Event: 25303.021 GC heap after
{Heap after GC invocations=78 (full 0):
 garbage-first heap   total 368640K, used 28437K [0x0000000081c00000, 0x0000000100000000)
  region size 1024K, 2 young (2048K), 2 survivors (2048K)
 Metaspace       used 71247K, committed 71680K, reserved 1114112K
  class space    used 8493K, committed 8704K, reserved 1048576K
}
Event: 25308.786 GC heap before
{Heap before GC invocations=78 (full 0):
 garbage-first heap   total 368640K, used 247573K [0x0000000081c00000, 0x0000000100000000)
  region size 1024K, 216 young (221184K), 2 survivors (2048K)
 Metaspace       used 71252K, committed 71680K, reserved 1114112K
  class space    used 8493K, committed 8704K, reserved 1048576K
}
Event: 25308.789 GC heap after
{Heap after GC invocations=79 (full 0):
 garbage-first heap   total 368640K, used 28479K [0x0000000081c00000, 0x0000000100000000)
  region size 1024K, 2 young (2048K), 2 survivors (2048K)
 Metaspace       used 71252K, committed 71680K, reserved 1114112K
  class space    used 8493K, committed 8704K, reserved 1048576K
}
Event: 25314.349 GC heap before
{Heap before GC invocations=79 (full 0):
 garbage-first heap   total 368640K, used 247615K [0x0000000081c00000, 0x0000000100000000)
  region size 1024K, 216 young (221184K), 2 survivors (2048K)
 Metaspace       used 71253K, committed 71680K, reserved 1114112K
  class space    used 8493K, committed 8704K, reserved 1048576K
}
Event: 25314.352 GC heap after
{Heap after GC invocations=80 (full 0):
 garbage-first heap   total 368640K, used 28441K [0x0000000081c00000, 0x0000000100000000)
  region size 1024K, 2 young (2048K), 2 survivors (2048K)
 Metaspace       used 71253K, committed 71680K, reserved 1114112K
  class space    used 8493K, committed 8704K, reserved 1048576K
}
Event: 25320.327 GC heap before
{Heap before GC invocations=80 (full 0):
 garbage-first heap   total 368640K, used 247577K [0x0000000081c00000, 0x0000000100000000)
  region size 1024K, 216 young (221184K), 2 survivors (2048K)
 Metaspace       used 71253K, committed 71680K, reserved 1114112K
  class space    used 8493K, committed 8704K, reserved 1048576K
}
Event: 25320.331 GC heap after
{Heap after GC invocations=81 (full 0):
 garbage-first heap   total 368640K, used 28420K [0x0000000081c00000, 0x0000000100000000)
  region size 1024K, 1 young (1024K), 1 survivors (1024K)
 Metaspace       used 71253K, committed 71680K, reserved 1114112K
  class space    used 8493K, committed 8704K, reserved 1048576K
}
Event: 25325.778 GC heap before
{Heap before GC invocations=81 (full 0):
 garbage-first heap   total 368640K, used 248580K [0x0000000081c00000, 0x0000000100000000)
  region size 1024K, 216 young (221184K), 1 survivors (1024K)
 Metaspace       used 71253K, committed 71680K, reserved 1114112K
  class space    used 8493K, committed 8704K, reserved 1048576K
}
Event: 25325.782 GC heap after
{Heap after GC invocations=82 (full 0):
 garbage-first heap   total 368640K, used 28458K [0x0000000081c00000, 0x0000000100000000)
  region size 1024K, 2 young (2048K), 2 survivors (2048K)
 Metaspace       used 71253K, committed 71680K, reserved 1114112K
  class space    used 8493K, committed 8704K, reserved 1048576K
}
Event: 25331.352 GC heap before
{Heap before GC invocations=82 (full 0):
 garbage-first heap   total 368640K, used 247594K [0x0000000081c00000, 0x0000000100000000)
  region size 1024K, 216 young (221184K), 2 survivors (2048K)
 Metaspace       used 71253K, committed 71680K, reserved 1114112K
  class space    used 8493K, committed 8704K, reserved 1048576K
}
Event: 25331.356 GC heap after
{Heap after GC invocations=83 (full 0):
 garbage-first heap   total 368640K, used 28458K [0x0000000081c00000, 0x0000000100000000)
  region size 1024K, 2 young (2048K), 2 survivors (2048K)
 Metaspace       used 71253K, committed 71680K, reserved 1114112K
  class space    used 8493K, committed 8704K, reserved 1048576K
}
Event: 25338.168 GC heap before
{Heap before GC invocations=83 (full 0):
 garbage-first heap   total 368640K, used 247594K [0x0000000081c00000, 0x0000000100000000)
  region size 1024K, 216 young (221184K), 2 survivors (2048K)
 Metaspace       used 71253K, committed 71680K, reserved 1114112K
  class space    used 8493K, committed 8704K, reserved 1048576K
}
Event: 25338.171 GC heap after
{Heap after GC invocations=84 (full 0):
 garbage-first heap   total 368640K, used 28484K [0x0000000081c00000, 0x0000000100000000)
  region size 1024K, 2 young (2048K), 2 survivors (2048K)
 Metaspace       used 71253K, committed 71680K, reserved 1114112K
  class space    used 8493K, committed 8704K, reserved 1048576K
}
Event: 25344.027 GC heap before
{Heap before GC invocations=84 (full 0):
 garbage-first heap   total 368640K, used 247620K [0x0000000081c00000, 0x0000000100000000)
  region size 1024K, 216 young (221184K), 2 survivors (2048K)
 Metaspace       used 71253K, committed 71680K, reserved 1114112K
  class space    used 8493K, committed 8704K, reserved 1048576K
}
Event: 25344.030 GC heap after
{Heap after GC invocations=85 (full 0):
 garbage-first heap   total 368640K, used 28463K [0x0000000081c00000, 0x0000000100000000)
  region size 1024K, 2 young (2048K), 2 survivors (2048K)
 Metaspace       used 71253K, committed 71680K, reserved 1114112K
  class space    used 8493K, committed 8704K, reserved 1048576K
}
Event: 25349.733 GC heap before
{Heap before GC invocations=85 (full 0):
 garbage-first heap   total 368640K, used 247599K [0x0000000081c00000, 0x0000000100000000)
  region size 1024K, 216 young (221184K), 2 survivors (2048K)
 Metaspace       used 71256K, committed 71680K, reserved 1114112K
  class space    used 8493K, committed 8704K, reserved 1048576K
}
Event: 25349.800 GC heap after
{Heap after GC invocations=86 (full 0):
 garbage-first heap   total 368640K, used 28527K [0x0000000081c00000, 0x0000000100000000)
  region size 1024K, 1 young (1024K), 1 survivors (1024K)
 Metaspace       used 71256K, committed 71680K, reserved 1114112K
  class space    used 8493K, committed 8704K, reserved 1048576K
}

